Using existing club file
58
Using existing club file
58
Using existing club file
58
Using existing club file
58
Using existing club file
58
Using existing club file
58
Using existing club file
58
Using existing club file
58
Using existing club file
58
Using existing club file
58
Using existing club file
58
Using existing club file
58
Using existing club file
58
Using existing club file
58
Using existing club file
58
Using existing club file
58
Using existing club file
58
Using existing club file
58
Using existing club file
58
Using existing club file
58
Using existing club file
58
Using existing club file
15
Using existing club file
15
Using existing club file
15
Using existing club file
15
Using existing club file
15
Using existing club file
15
Using existing club file
15
Using existing club file
15
Using existing club file
15
Using existing club file
15
Using existing club file
15
Using existing club file
15
Using existing club file
15
Using existing club file
15
Using existing club file
15
Using existing club file
15
Using existing club file
15
Using existing club file
15
Using existing club file
15
Using existing club file
15
Using existing club file
15
Using existing club file
15
Using existing club file
15
Using existing club file
15
Using existing club file
15
Using existing club file
15
Using existing club file
15
Using existing club file
15
Using existing club file
15
Using existing club file
15
Using existing club file
15
Using existing club file
15
Using existing club file
15
Using existing club file
15
Using existing club file
15
Using existing club file
15
Using existing club file
15
Using existing club file
15
Using existing club file
15
Using existing club file
15
Using existing club file
15
Using existing club file
15
Using existing club file
15
Using existing club file
15
Using existing club file
15
Using existing club file
15
Using existing club file
15
Using existing club file
15
Using existing club file
15
Using existing club file
15
Using existing club file
15
Using existing club file
15
Using existing club file
15
Using existing club file
15
Using existing club file
15
Using existing club file
15
Using existing club file
15
Using existing club file
15
Using existing club file
15
Using existing club file
15
Using existing club file
15
Using existing club file
15
Using existing club file
15
Using existing club file
15
Using existing club file
15
Using existing club file
15
Using existing club file
15
Using existing club file
15
Using existing club file
15
Using existing club file
15
Using existing club file
15
Using existing club file
15
Using existing club file
15
Using existing club file
15
Using existing club file
15
Using existing club file
15
Using existing club file
15
Using existing club file
15
Using existing club file
15
Using existing club file
15
Using existing club file
15
Using existing club file
15
Using existing club file
15
Using existing club file
15
Using existing club file
15
Using existing club file
15
Using existing club file
15
Using existing club file
15
Using existing club file
15
Using existing club file
15
Using existing club file
15
Using existing club file
15
Using existing club file
15
Using existing club file
15
Using existing club file
15
Using existing club file
15
Using existing club file
15
Using existing club file
15
Using existing club file
15
Using existing club file
15
Using existing club file
15
Using existing club file
15
Using existing club file
15
Using existing club file
15
Using existing club file
15
Using existing club file
15
Using existing club file
81
Using existing club file
9
Using existing club file
9
Using existing club file
9
Using existing club file
9
Using existing club file
9
Using existing club file
9
Using existing club file
9
Using existing club file
9
Using existing club file
9
Using existing club file
9
Using existing club file
9
Using existing club file
9
Using existing club file
9
Using existing club file
9
Using existing club file
9
Using existing club file
9
Using existing club file
9
Using existing club file
9
Using existing club file
9
Using existing club file
9
Using existing club file
9
Using existing club file
9
Using existing club file
9
Using existing club file
9
Using existing club file
9
Using existing club file
9
Using existing club file
9
Using existing club file
9
Using existing club file
9
Using existing club file
9
Using existing club file
9
Using existing club file
9
Using existing club file
9
Using existing club file
9
Using existing club file
9
Using existing club file
9
Using existing club file
9
Using existing club file
9
Using existing club file
9
Using existing club file
9
Using existing club file
9
Using existing club file
9
Using existing club file
9
Using existing club file
9
Using existing club file
9
Using existing club file
9
Using existing club file
9
Using existing club file
9
Using existing club file
9
Using existing club file
9
Using existing club file
9
Using existing club file
9
Using existing club file
9
Using existing club file
9
Using existing club file
9
Using existing club file
9
Using existing club file
9
Using existing club file
9
Using existing club file
9
Using existing club file
9
Using existing club file
9
Using existing club file
9
Using existing club file
9
Using existing club file
9
Using existing club file
9
Using existing club file
9
Using existing club file
9
Using existing club file
9
Using existing club file
9
Using existing club file
9
Using existing club file
9
Using existing club file
9
Using existing club file
9
Using existing club file
9
Using existing club file
9
Using existing club file
9
Using existing club file
9
Using existing club file
9
Using existing club file
9
Using existing club file
9
Using existing club file
9
Using existing club file
9
Using existing club file
9
Using existing club file
9
Using existing club file
9
Using existing club file
9
Using existing club file
9
Using existing club file
9
Using existing club file
9
Using existing club file
9
Using existing club file
9
Using existing club file
9
Using existing club file
9
Using existing club file
9
Using existing club file
9
Using existing club file
9
Using existing club file
9
Using existing club file
9
Using existing club file
9
Using existing club file
9
Using existing club file
9
Using existing club file
9
Using existing club file
9
Using existing club file
9
Using existing club file
9
Using existing club file
9
Using existing club file
9
Using existing club file
5
Using existing club file
5
Using existing club file
5
Using existing club file
5
Using existing club file
5
Using existing club file
5
Using existing club file
5
Using existing club file
5
Using existing club file
5
Using existing club file
5
Using existing club file
5
Using existing club file
5
Using existing club file
5
Using existing club file
5
Using existing club file
5
Using existing club file
5
Using existing club file
5
Using existing club file
5
Using existing club file
5
Using existing club file
5
Using existing club file
5
Using existing club file
5
Using existing club file
5
Using existing club file
5
Using existing club file
5
Using existing club file
5
Using existing club file
5
Using existing club file
5
Using existing club file
5
Using existing club file
5
Using existing club file
5
Using existing club file
5
Using existing club file
5
Using existing club file
5
Using existing club file
5
Using existing club file
5
Using existing club file
5
Using existing club file
5
Using existing club file
5
Using existing club file
5
Using existing club file
Traceback (most recent call last):
  File "/home/pi/football/bin/gameday.py", line 91, in <module>
    today = gamestoday(datestr,tl)
  File "/usr/local/lib/python2.7/dist-packages/sportstg.py", line 103, in gamestoday
    results = [{headers[i]: cell.text.replace(u'\xa0','').strip() for i, cell in enumerate(row.find_all('td')[0:len(headers)])} for row in ct.find_all('tr')]
AttributeError: 'NoneType' object has no attribute 'find_all'
Using existing club file
5
Using existing club file
5
Using existing club file
Traceback (most recent call last):
  File "/home/pi/football/bin/gameday.py", line 91, in <module>
    today = gamestoday(datestr,tl)
  File "/usr/local/lib/python2.7/dist-packages/sportstg.py", line 103, in gamestoday
    results = [{headers[i]: cell.text.replace(u'\xa0','').strip() for i, cell in enumerate(row.find_all('td')[0:len(headers)])} for row in ct.find_all('tr')]
AttributeError: 'NoneType' object has no attribute 'find_all'
Using existing club file
5
Using existing club file
5
Using existing club file
5
Using existing club file
5
Using existing club file
5
Using existing club file
5
Using existing club file
5
Using existing club file
5
Using existing club file
5
Using existing club file
5
Using existing club file
5
Using existing club file
5
Using existing club file
5
Using existing club file
5
Using existing club file
5
Using existing club file
5
Using existing club file
5
Using existing club file
5
Using existing club file
5
Using existing club file
5
Using existing club file
5
Using existing club file
5
Using existing club file
5
Using existing club file
5
Using existing club file
5
Using existing club file
5
Using existing club file
5
Using existing club file
5
